<?xml version="1.0" encoding="UTF-8"?>
<testsuite xmlns:xsi="http://www.w3.org/2001/XMLSchema-instance" xsi:schemaLocation="https://maven.apache.org/surefire/maven-surefire-plugin/xsd/surefire-test-report.xsd" name="com.jsonplaceholder.user.patch.PatchTest" time="1.88" tests="3" errors="0" skipped="0" failures="0">
  <properties>
[...]
</properties>
  <testcase name="updateUserEmail{String}[1]" classname="com.jsonplaceholder.user.patch.PatchTest" time="0.908"/>
  <testcase name="updateUserEmail{String}[2]" classname="com.jsonplaceholder.user.patch.PatchTest" time="0.455"/>
  <testcase name="updateUserEmail{String}[3]" classname="com.jsonplaceholder.user.patch.PatchTest" time="0.42"/>
</testsuite>